d:\muscledefense\gametemplate\game\x64\debug\vc142.pdb
d:\muscledefense\gametemplate\game\x64\debug\vc142.idb
d:\muscledefense\gametemplate\game\x64\debug\gpubuffer.obj
d:\muscledefense\gametemplate\game\x64\debug\fontengine.obj
d:\muscledefense\gametemplate\game\x64\debug\font.obj
d:\muscledefense\gametemplate\game\x64\debug\descriptorheap.obj
d:\muscledefense\gametemplate\game\x64\debug\constantbuffer.obj
d:\muscledefense\gametemplate\game\x64\debug\camera.obj
d:\muscledefense\gametemplate\game\x64\debug\animationplaycontroller.obj
d:\muscledefense\gametemplate\game\x64\debug\animationclip.obj
d:\muscledefense\gametemplate\game\x64\debug\animation.obj
d:\muscledefense\gametemplate\game\x64\debug\rigidbody.obj
d:\muscledefense\gametemplate\game\x64\debug\physicsstaticobject.obj
d:\muscledefense\gametemplate\game\x64\debug\physics.obj
d:\muscledefense\gametemplate\game\x64\debug\meshcollider.obj
d:\muscledefense\gametemplate\game\x64\debug\charactercontroller.obj
d:\muscledefense\gametemplate\game\x64\debug\capsulecollider.obj
d:\muscledefense\gametemplate\game\x64\debug\mapchip2d.obj
d:\muscledefense\gametemplate\game\x64\debug\level2d.obj
d:\muscledefense\gametemplate\game\x64\debug\caslfile.obj
d:\muscledefense\gametemplate\game\x64\debug\igameobject.obj
d:\muscledefense\gametemplate\game\x64\debug\gameobjectmanager.obj
d:\muscledefense\gametemplate\game\x64\debug\rwstructuredbuffer.obj
d:\muscledefense\gametemplate\game\x64\debug\rootsignature.obj
d:\muscledefense\gametemplate\game\x64\debug\tlasbuffer.obj
d:\muscledefense\gametemplate\game\x64\debug\raytracingworld.obj
d:\muscledefense\gametemplate\game\x64\debug\raytracingshadertable.obj
d:\muscledefense\gametemplate\game\x64\debug\raytracingpso.obj
d:\muscledefense\gametemplate\game\x64\debug\raytracinginstance.obj
d:\muscledefense\gametemplate\game\x64\debug\raytracingengine.obj
d:\muscledefense\gametemplate\game\x64\debug\raytracingdescriptorheaps.obj
d:\muscledefense\gametemplate\game\x64\debug\blasbuffer.obj
d:\muscledefense\gametemplate\game\x64\debug\pipelinestate.obj
d:\muscledefense\gametemplate\game\x64\debug\nulltexturemaps.obj
d:\muscledefense\gametemplate\game\x64\debug\model.obj
d:\muscledefense\gametemplate\game\x64\debug\meshparts.obj
d:\muscledefense\gametemplate\game\x64\debug\vector.obj
d:\muscledefense\gametemplate\game\x64\debug\matrix.obj
d:\muscledefense\gametemplate\game\x64\debug\material.obj
d:\muscledefense\gametemplate\game\x64\debug\indexbuffer.obj
d:\muscledefense\gametemplate\game\x64\debug\gamepad.obj
d:\muscledefense\gametemplate\game\x64\debug\graphicsengine.obj
d:\muscledefense\gametemplate\game\x64\debug\system.obj
d:\muscledefense\gametemplate\game\x64\debug\main.obj
d:\muscledefense\gametemplate\game\x64\debug\vertexbuffer.obj
d:\muscledefense\gametemplate\game\x64\debug\tksfile.obj
d:\muscledefense\gametemplate\game\x64\debug\tkmfile.obj
d:\muscledefense\gametemplate\game\x64\debug\tkafile.obj
d:\muscledefense\gametemplate\game\x64\debug\tkengine.obj
d:\muscledefense\gametemplate\game\x64\debug\texture.obj
d:\muscledefense\gametemplate\game\x64\debug\structuredbuffer.obj
d:\muscledefense\gametemplate\game\x64\debug\sprite.obj
d:\muscledefense\gametemplate\game\x64\debug\skeleton.obj
d:\muscledefense\gametemplate\game\x64\debug\shader.obj
d:\muscledefense\gametemplate\game\x64\debug\skinmodelrender.obj
d:\muscledefense\gametemplate\game\x64\debug\pointlight.obj
d:\muscledefense\gametemplate\game\x64\debug\lightmanager.obj
d:\muscledefense\gametemplate\game\x64\debug\directionlight.obj
d:\muscledefense\gametemplate\game\x64\debug\gamescene.obj
d:\muscledefense\gametemplate\game\x64\debug\background.obj
d:\muscledefense\gametemplate\game\x64\debug\posteffectmanager.obj
d:\muscledefense\gametemplate\game\x64\debug\gaussianblur.obj
d:\muscledefense\gametemplate\game\x64\debug\rendertarget.obj
d:\muscledefense\gametemplate\game\x64\debug\player.obj
d:\muscledefense\gametemplate\game\x64\debug\spotlight.obj
d:\muscledefense\gametemplate\game\x64\debug\sky.obj
d:\muscledefense\gametemplate\game\x64\debug\playeranimation.obj
d:\muscledefense\gametemplate\game\x64\debug\wipecamera.obj
d:\muscledefense\gametemplate\game\x64\debug\enemyanimation.obj
d:\muscledefense\gametemplate\game\x64\debug\enemy.obj
d:\muscledefense\gametemplate\game\x64\debug\bsp.obj
d:\muscledefense\gametemplate\game\x64\debug\aabb.obj
d:\muscledefense\gametemplate\game\x64\debug\cameracollisionsolver.obj
d:\muscledefense\gametemplate\game\x64\debug\springcamera.obj
d:\muscledefense\gametemplate\game\x64\debug\spherecollider.obj
d:\muscledefense\gametemplate\game\x64\debug\fontrender.obj
d:\muscledefense\gametemplate\game\x64\debug\resourcebankmanager.obj
d:\muscledefense\gametemplate\game\x64\debug\game.pch
d:\muscledefense\gametemplate\game\x64\debug\stdafx.obj
d:\muscledefense\gametemplate\game\x64\debug\proteinbeam.obj
d:\muscledefense\gametemplate\x64\debug\game.exe
d:\muscledefense\gametemplate\game\x64\debug\game.ilk
d:\muscledefense\gametemplate\x64\debug\game.pdb
d:\muscledefense\gametemplate\game\x64\debug\game.res
d:\muscledefense\gametemplate\game\x64\debug\animation.obj.enc
d:\muscledefense\gametemplate\game\x64\debug\animationclip.obj.enc
d:\muscledefense\gametemplate\game\x64\debug\animationplaycontroller.obj.enc
d:\muscledefense\gametemplate\game\x64\debug\background.obj.enc
d:\muscledefense\gametemplate\game\x64\debug\blasbuffer.obj.enc
d:\muscledefense\gametemplate\game\x64\debug\camera.obj.enc
d:\muscledefense\gametemplate\game\x64\debug\capsulecollider.obj.enc
d:\muscledefense\gametemplate\game\x64\debug\caslfile.obj.enc
d:\muscledefense\gametemplate\game\x64\debug\charactercontroller.obj.enc
d:\muscledefense\gametemplate\game\x64\debug\constantbuffer.obj.enc
d:\muscledefense\gametemplate\game\x64\debug\descriptorheap.obj.enc
d:\muscledefense\gametemplate\game\x64\debug\directionlight.obj.enc
d:\muscledefense\gametemplate\game\x64\debug\font.obj.enc
d:\muscledefense\gametemplate\game\x64\debug\fontengine.obj.enc
d:\muscledefense\gametemplate\game\x64\debug\gameobjectmanager.obj.enc
d:\muscledefense\gametemplate\game\x64\debug\gamepad.obj.enc
d:\muscledefense\gametemplate\game\x64\debug\gamescene.obj.enc
d:\muscledefense\gametemplate\game\x64\debug\gpubuffer.obj.enc
d:\muscledefense\gametemplate\game\x64\debug\graphicsengine.obj.enc
d:\muscledefense\gametemplate\game\x64\debug\igameobject.obj.enc
d:\muscledefense\gametemplate\game\x64\debug\indexbuffer.obj.enc
d:\muscledefense\gametemplate\game\x64\debug\level2d.obj.enc
d:\muscledefense\gametemplate\game\x64\debug\lightmanager.obj.enc
d:\muscledefense\gametemplate\game\x64\debug\main.obj.enc
d:\muscledefense\gametemplate\game\x64\debug\mapchip2d.obj.enc
d:\muscledefense\gametemplate\game\x64\debug\material.obj.enc
d:\muscledefense\gametemplate\game\x64\debug\matrix.obj.enc
d:\muscledefense\gametemplate\game\x64\debug\meshcollider.obj.enc
d:\muscledefense\gametemplate\game\x64\debug\meshparts.obj.enc
d:\muscledefense\gametemplate\game\x64\debug\model.obj.enc
d:\muscledefense\gametemplate\game\x64\debug\nulltexturemaps.obj.enc
d:\muscledefense\gametemplate\game\x64\debug\physics.obj.enc
d:\muscledefense\gametemplate\game\x64\debug\physicsstaticobject.obj.enc
d:\muscledefense\gametemplate\game\x64\debug\pipelinestate.obj.enc
d:\muscledefense\gametemplate\game\x64\debug\pointlight.obj.enc
d:\muscledefense\gametemplate\game\x64\debug\raytracingdescriptorheaps.obj.enc
d:\muscledefense\gametemplate\game\x64\debug\raytracingengine.obj.enc
d:\muscledefense\gametemplate\game\x64\debug\raytracinginstance.obj.enc
d:\muscledefense\gametemplate\game\x64\debug\raytracingpso.obj.enc
d:\muscledefense\gametemplate\game\x64\debug\raytracingshadertable.obj.enc
d:\muscledefense\gametemplate\game\x64\debug\raytracingworld.obj.enc
d:\muscledefense\gametemplate\game\x64\debug\rigidbody.obj.enc
d:\muscledefense\gametemplate\game\x64\debug\rootsignature.obj.enc
d:\muscledefense\gametemplate\game\x64\debug\rwstructuredbuffer.obj.enc
d:\muscledefense\gametemplate\game\x64\debug\shader.obj.enc
d:\muscledefense\gametemplate\game\x64\debug\skeleton.obj.enc
d:\muscledefense\gametemplate\game\x64\debug\skinmodelrender.obj.enc
d:\muscledefense\gametemplate\game\x64\debug\springcamera.obj.enc
d:\muscledefense\gametemplate\game\x64\debug\sprite.obj.enc
d:\muscledefense\gametemplate\game\x64\debug\stdafx.obj.enc
d:\muscledefense\gametemplate\game\x64\debug\structuredbuffer.obj.enc
d:\muscledefense\gametemplate\game\x64\debug\system.obj.enc
d:\muscledefense\gametemplate\game\x64\debug\texture.obj.enc
d:\muscledefense\gametemplate\game\x64\debug\tkafile.obj.enc
d:\muscledefense\gametemplate\game\x64\debug\tkengine.obj.enc
d:\muscledefense\gametemplate\game\x64\debug\tkmfile.obj.enc
d:\muscledefense\gametemplate\game\x64\debug\tksfile.obj.enc
d:\muscledefense\gametemplate\game\x64\debug\tlasbuffer.obj.enc
d:\muscledefense\gametemplate\game\x64\debug\vector.obj.enc
d:\muscledefense\gametemplate\game\x64\debug\vertexbuffer.obj.enc
d:\muscledefense\gametemplate\game\x64\debug\game.tlog\cl.command.1.tlog
d:\muscledefense\gametemplate\game\x64\debug\game.tlog\cl.read.1.tlog
d:\muscledefense\gametemplate\game\x64\debug\game.tlog\cl.write.1.tlog
d:\muscledefense\gametemplate\game\x64\debug\game.tlog\link.command.1.tlog
d:\muscledefense\gametemplate\game\x64\debug\game.tlog\link.read.1.tlog
d:\muscledefense\gametemplate\game\x64\debug\game.tlog\link.write.1.tlog
d:\muscledefense\gametemplate\game\x64\debug\game.tlog\rc.command.1.tlog
d:\muscledefense\gametemplate\game\x64\debug\game.tlog\rc.read.1.tlog
d:\muscledefense\gametemplate\game\x64\debug\game.tlog\rc.write.1.tlog
