  BackGround.cpp
D:\MuscleDefense\GameTemplate\Game\Player.h(208,38): warning C4244: 'return': 'int' から 'float' への変換です。データが失われる可能性があります。
  Enemy.cpp
D:\MuscleDefense\GameTemplate\Game\Player.h(208,38): warning C4244: 'return': 'int' から 'float' への変換です。データが失われる可能性があります。
D:\MuscleDefense\GameTemplate\Game\Enemy.cpp(57,26): warning C4552: '<': 式の結果が使用されていません
D:\MuscleDefense\GameTemplate\Game\Enemy.cpp(167,27): warning C4305: '+=': 'double' から 'float' へ切り詰めます。
D:\MuscleDefense\GameTemplate\Game\Enemy.cpp(222,28): warning C4305: '+=': 'double' から 'float' へ切り詰めます。
D:\MuscleDefense\GameTemplate\Game\Enemy.cpp(309,55): warning C4244: '引数': 'float' から 'int' への変換です。データが失われる可能性があります。
  GameScene.cpp
D:\MuscleDefense\GameTemplate\Game\Player.h(208,38): warning C4244: 'return': 'int' から 'float' への変換です。データが失われる可能性があります。
D:\MuscleDefense\GameTemplate\Game\GameScene.cpp(53,25): warning C4244: '=': 'int' から 'float' への変換です。データが失われる可能性があります。
D:\MuscleDefense\GameTemplate\Game\GameScene.cpp(54,25): warning C4244: '=': 'int' から 'float' への変換です。データが失われる可能性があります。
D:\MuscleDefense\GameTemplate\Game\GameScene.cpp(59,25): warning C4244: '=': 'int' から 'float' への変換です。データが失われる可能性があります。
D:\MuscleDefense\GameTemplate\Game\GameScene.cpp(60,25): warning C4244: '=': 'int' から 'float' への変換です。データが失われる可能性があります。
D:\MuscleDefense\GameTemplate\Game\GameScene.cpp(65,25): warning C4244: '=': 'int' から 'float' への変換です。データが失われる可能性があります。
D:\MuscleDefense\GameTemplate\Game\GameScene.cpp(66,25): warning C4244: '=': 'int' から 'float' への変換です。データが失われる可能性があります。
D:\MuscleDefense\GameTemplate\Game\GameScene.cpp(414,24): warning C4244: '=': 'int' から 'float' への変換です。データが失われる可能性があります。
D:\MuscleDefense\GameTemplate\Game\GameScene.cpp(415,24): warning C4244: '=': 'int' から 'float' への変換です。データが失われる可能性があります。
D:\MuscleDefense\GameTemplate\Game\GameScene.cpp(433,23): warning C4244: '=': 'int' から 'float' への変換です。データが失われる可能性があります。
D:\MuscleDefense\GameTemplate\Game\GameScene.cpp(434,23): warning C4244: '=': 'int' から 'float' への変換です。データが失われる可能性があります。
  GoldGym.cpp
D:\MuscleDefense\GameTemplate\Game\Player.h(208,38): warning C4244: 'return': 'int' から 'float' への変換です。データが失われる可能性があります。
D:\MuscleDefense\GameTemplate\Game\GoldGym.cpp(59,47): warning C4244: '引数': 'int' から 'float' への変換です。データが失われる可能性があります。
  HUD.cpp
D:\MuscleDefense\GameTemplate\Game\Player.h(208,38): warning C4244: 'return': 'int' から 'float' への変換です。データが失われる可能性があります。
D:\MuscleDefense\GameTemplate\Game\HUD.cpp(155,56): warning C4244: '引数': 'float' から 'UINT' への変換です。データが失われる可能性があります。
D:\MuscleDefense\GameTemplate\Game\HUD.cpp(155,48): warning C4244: '引数': 'float' から 'UINT' への変換です。データが失われる可能性があります。
D:\MuscleDefense\GameTemplate\Game\HUD.cpp(400,60): warning C4244: '引数': 'float' から 'UINT' への変換です。データが失われる可能性があります。
D:\MuscleDefense\GameTemplate\Game\HUD.cpp(400,54): warning C4244: '引数': 'float' から 'UINT' への変換です。データが失われる可能性があります。
D:\MuscleDefense\GameTemplate\Game\HUD.cpp(403,65): warning C4244: '引数': 'float' から 'UINT' への変換です。データが失われる可能性があります。
D:\MuscleDefense\GameTemplate\Game\HUD.cpp(403,59): warning C4244: '引数': 'float' から 'UINT' への変換です。データが失われる可能性があります。
D:\MuscleDefense\GameTemplate\Game\HUD.cpp(408,61): warning C4244: '引数': 'float' から 'UINT' への変換です。データが失われる可能性があります。
D:\MuscleDefense\GameTemplate\Game\HUD.cpp(408,55): warning C4244: '引数': 'float' から 'UINT' への変換です。データが失われる可能性があります。
D:\MuscleDefense\GameTemplate\Game\HUD.cpp(409,82): warning C4244: '引数': 'float' から 'UINT' への変換です。データが失われる可能性があります。
D:\MuscleDefense\GameTemplate\Game\HUD.cpp(409,76): warning C4244: '引数': 'float' から 'UINT' への変換です。データが失われる可能性があります。
D:\MuscleDefense\GameTemplate\Game\HUD.cpp(411,60): warning C4244: '引数': 'float' から 'UINT' への変換です。データが失われる可能性があります。
D:\MuscleDefense\GameTemplate\Game\HUD.cpp(411,53): warning C4244: '引数': 'float' から 'UINT' への変換です。データが失われる可能性があります。
D:\MuscleDefense\GameTemplate\Game\HUD.cpp(416,67): warning C4244: '引数': 'float' から 'UINT' への変換です。データが失われる可能性があります。
D:\MuscleDefense\GameTemplate\Game\HUD.cpp(416,60): warning C4244: '引数': 'float' から 'UINT' への変換です。データが失われる可能性があります。
D:\MuscleDefense\GameTemplate\Game\HUD.cpp(425,71): warning C4244: '引数': 'float' から 'UINT' への変換です。データが失われる可能性があります。
D:\MuscleDefense\GameTemplate\Game\HUD.cpp(425,64): warning C4244: '引数': 'float' から 'UINT' への変換です。データが失われる可能性があります。
D:\MuscleDefense\GameTemplate\Game\HUD.cpp(435,65): warning C4244: '引数': 'float' から 'UINT' への変換です。データが失われる可能性があります。
D:\MuscleDefense\GameTemplate\Game\HUD.cpp(435,58): warning C4244: '引数': 'float' から 'UINT' への変換です。データが失われる可能性があります。
  Map.cpp
D:\MuscleDefense\GameTemplate\Game\Player.h(208,38): warning C4244: 'return': 'int' から 'float' への変換です。データが失われる可能性があります。
D:\MuscleDefense\GameTemplate\Game\Map.cpp(50,29): warning C4305: '引数': 'double' から 'const float' へ切り詰めます。
  Player.cpp
D:\MuscleDefense\GameTemplate\Game\Player.h(208,38): warning C4244: 'return': 'int' から 'float' への変換です。データが失われる可能性があります。
  ResultScene.cpp
D:\MuscleDefense\GameTemplate\Game\Player.h(208,38): warning C4244: 'return': 'int' から 'float' への変換です。データが失われる可能性があります。
  SkinModelRender.cpp
D:\MuscleDefense\GameTemplate\Game\Player.h(208,38): warning C4244: 'return': 'int' から 'float' への変換です。データが失われる可能性があります。
  TestEnemy.cpp
D:\MuscleDefense\GameTemplate\Game\Player.h(208,38): warning C4244: 'return': 'int' から 'float' への変換です。データが失われる可能性があります。
  TitleScene.cpp
D:\MuscleDefense\GameTemplate\Game\Player.h(208,38): warning C4244: 'return': 'int' から 'float' への変換です。データが失われる可能性があります。
D:\MuscleDefense\GameTemplate\Game\TitleScene.cpp(16,60): warning C4244: '引数': 'float' から 'UINT' への変換です。データが失われる可能性があります。
D:\MuscleDefense\GameTemplate\Game\TitleScene.cpp(16,51): warning C4244: '引数': 'float' から 'UINT' への変換です。データが失われる可能性があります。
D:\MuscleDefense\GameTemplate\Game\TitleScene.cpp(18,56): warning C4244: '引数': 'float' から 'UINT' への変換です。データが失われる可能性があります。
D:\MuscleDefense\GameTemplate\Game\TitleScene.cpp(18,47): warning C4244: '引数': 'float' から 'UINT' への変換です。データが失われる可能性があります。
D:\MuscleDefense\GameTemplate\Game\TitleScene.cpp(41,21): warning C4305: '=': 'double' から 'float' へ切り詰めます。
  WipeCamera.cpp
D:\MuscleDefense\GameTemplate\Game\Player.h(208,38): warning C4244: 'return': 'int' から 'float' への変換です。データが失われる可能性があります。
  main.cpp
D:\MuscleDefense\GameTemplate\Game\Player.h(208,38): warning C4244: 'return': 'int' から 'float' への変換です。データが失われる可能性があります。
  コードを生成中...
  Game.vcxproj -> D:\MuscleDefense\GameTemplate\x64\Debug\Game.exe
