d:\muscledefense\gametemplate\exlib\x64\bulletcollision_debug.pdb
d:\muscledefense\exengine\bulletphysics\src\bulletcollision\x64\debug\btcompoundcompoundcollisionalgorithm.obj
d:\muscledefense\exengine\bulletphysics\src\bulletcollision\x64\debug\btcompoundcollisionalgorithm.obj
d:\muscledefense\exengine\bulletphysics\src\bulletcollision\x64\debug\btcollisionworldimporter.obj
d:\muscledefense\exengine\bulletphysics\src\bulletcollision\x64\debug\btcollisionworld.obj
d:\muscledefense\exengine\bulletphysics\src\bulletcollision\x64\debug\btcollisionobject.obj
d:\muscledefense\exengine\bulletphysics\src\bulletcollision\x64\debug\btcollisiondispatcher.obj
d:\muscledefense\exengine\bulletphysics\src\bulletcollision\x64\debug\btboxboxdetector.obj
d:\muscledefense\exengine\bulletphysics\src\bulletcollision\x64\debug\btboxboxcollisionalgorithm.obj
d:\muscledefense\exengine\bulletphysics\src\bulletcollision\x64\debug\btbox2dbox2dcollisionalgorithm.obj
d:\muscledefense\exengine\bulletphysics\src\bulletcollision\x64\debug\btactivatingcollisionalgorithm.obj
d:\muscledefense\exengine\bulletphysics\src\bulletcollision\x64\debug\btsimplebroadphase.obj
d:\muscledefense\exengine\bulletphysics\src\bulletcollision\x64\debug\btquantizedbvh.obj
d:\muscledefense\exengine\bulletphysics\src\bulletcollision\x64\debug\btoverlappingpaircache.obj
d:\muscledefense\exengine\bulletphysics\src\bulletcollision\x64\debug\btmultisapbroadphase.obj
d:\muscledefense\exengine\bulletphysics\src\bulletcollision\x64\debug\btdispatcher.obj
d:\muscledefense\exengine\bulletphysics\src\bulletcollision\x64\debug\btdbvtbroadphase.obj
d:\muscledefense\exengine\bulletphysics\src\bulletcollision\x64\debug\btdbvt.obj
d:\muscledefense\exengine\bulletphysics\src\bulletcollision\x64\debug\btcollisionalgorithm.obj
d:\muscledefense\exengine\bulletphysics\src\bulletcollision\x64\debug\btbroadphaseproxy.obj
d:\muscledefense\exengine\bulletphysics\src\bulletcollision\x64\debug\btaxissweep3.obj
d:\muscledefense\exengine\bulletphysics\src\bulletcollision\x64\debug\btcapsuleshape.obj
d:\muscledefense\exengine\bulletphysics\src\bulletcollision\x64\debug\btbvhtrianglemeshshape.obj
d:\muscledefense\exengine\bulletphysics\src\bulletcollision\x64\debug\btboxshape.obj
d:\muscledefense\exengine\bulletphysics\src\bulletcollision\x64\debug\btbox2dshape.obj
d:\muscledefense\exengine\bulletphysics\src\bulletcollision\x64\debug\spheretriangledetector.obj
d:\muscledefense\exengine\bulletphysics\src\bulletcollision\x64\debug\btunionfind.obj
d:\muscledefense\exengine\bulletphysics\src\bulletcollision\x64\debug\btspheretrianglecollisionalgorithm.obj
d:\muscledefense\exengine\bulletphysics\src\bulletcollision\x64\debug\btspherespherecollisionalgorithm.obj
d:\muscledefense\exengine\bulletphysics\src\bulletcollision\x64\debug\btsphereboxcollisionalgorithm.obj
d:\muscledefense\exengine\bulletphysics\src\bulletcollision\x64\debug\btsimulationislandmanager.obj
d:\muscledefense\exengine\bulletphysics\src\bulletcollision\x64\debug\btmanifoldresult.obj
d:\muscledefense\exengine\bulletphysics\src\bulletcollision\x64\debug\btinternaledgeutility.obj
d:\muscledefense\exengine\bulletphysics\src\bulletcollision\x64\debug\bthashedsimplepaircache.obj
d:\muscledefense\exengine\bulletphysics\src\bulletcollision\x64\debug\btghostobject.obj
d:\muscledefense\exengine\bulletphysics\src\bulletcollision\x64\debug\btemptycollisionalgorithm.obj
d:\muscledefense\exengine\bulletphysics\src\bulletcollision\x64\debug\btdefaultcollisionconfiguration.obj
d:\muscledefense\exengine\bulletphysics\src\bulletcollision\x64\debug\btconvexplanecollisionalgorithm.obj
d:\muscledefense\exengine\bulletphysics\src\bulletcollision\x64\debug\btconvexconvexalgorithm.obj
d:\muscledefense\exengine\bulletphysics\src\bulletcollision\x64\debug\btconvexconcavecollisionalgorithm.obj
d:\muscledefense\exengine\bulletphysics\src\bulletcollision\x64\debug\btconvex2dconvex2dalgorithm.obj
d:\muscledefense\exengine\bulletphysics\src\bulletcollision\x64\debug\btscaledbvhtrianglemeshshape.obj
d:\muscledefense\exengine\bulletphysics\src\bulletcollision\x64\debug\btpolyhedralconvexshape.obj
d:\muscledefense\exengine\bulletphysics\src\bulletcollision\x64\debug\btoptimizedbvh.obj
d:\muscledefense\exengine\bulletphysics\src\bulletcollision\x64\debug\btmultisphereshape.obj
d:\muscledefense\exengine\bulletphysics\src\bulletcollision\x64\debug\btmultimaterialtrianglemeshshape.obj
d:\muscledefense\exengine\bulletphysics\src\bulletcollision\x64\debug\btminkowskisumshape.obj
d:\muscledefense\exengine\bulletphysics\src\bulletcollision\x64\debug\btheightfieldterrainshape.obj
d:\muscledefense\exengine\bulletphysics\src\bulletcollision\x64\debug\btemptyshape.obj
d:\muscledefense\exengine\bulletphysics\src\bulletcollision\x64\debug\btcylindershape.obj
d:\muscledefense\exengine\bulletphysics\src\bulletcollision\x64\debug\btconvextrianglemeshshape.obj
d:\muscledefense\exengine\bulletphysics\src\bulletcollision\x64\debug\btconvexshape.obj
d:\muscledefense\exengine\bulletphysics\src\bulletcollision\x64\debug\btconvexpolyhedron.obj
d:\muscledefense\exengine\bulletphysics\src\bulletcollision\x64\debug\btconvexpointcloudshape.obj
d:\muscledefense\exengine\bulletphysics\src\bulletcollision\x64\debug\btconvexinternalshape.obj
d:\muscledefense\exengine\bulletphysics\src\bulletcollision\x64\debug\btconvexhullshape.obj
d:\muscledefense\exengine\bulletphysics\src\bulletcollision\x64\debug\btconvex2dshape.obj
d:\muscledefense\exengine\bulletphysics\src\bulletcollision\x64\debug\btconeshape.obj
d:\muscledefense\exengine\bulletphysics\src\bulletcollision\x64\debug\btconcaveshape.obj
d:\muscledefense\exengine\bulletphysics\src\bulletcollision\x64\debug\btcompoundshape.obj
d:\muscledefense\exengine\bulletphysics\src\bulletcollision\x64\debug\btcollisionshape.obj
d:\muscledefense\exengine\bulletphysics\src\bulletcollision\x64\debug\gim_box_set.obj
d:\muscledefense\exengine\bulletphysics\src\bulletcollision\x64\debug\bttriangleshapeex.obj
d:\muscledefense\exengine\bulletphysics\src\bulletcollision\x64\debug\btgimpactshape.obj
d:\muscledefense\exengine\bulletphysics\src\bulletcollision\x64\debug\btgimpactquantizedbvh.obj
d:\muscledefense\exengine\bulletphysics\src\bulletcollision\x64\debug\btgimpactcollisionalgorithm.obj
d:\muscledefense\exengine\bulletphysics\src\bulletcollision\x64\debug\btgimpactbvh.obj
d:\muscledefense\exengine\bulletphysics\src\bulletcollision\x64\debug\btgenericpoolallocator.obj
d:\muscledefense\exengine\bulletphysics\src\bulletcollision\x64\debug\btcontactprocessing.obj
d:\muscledefense\exengine\bulletphysics\src\bulletcollision\x64\debug\btuniformscalingshape.obj
d:\muscledefense\exengine\bulletphysics\src\bulletcollision\x64\debug\bttrianglemeshshape.obj
d:\muscledefense\exengine\bulletphysics\src\bulletcollision\x64\debug\bttrianglemesh.obj
d:\muscledefense\exengine\bulletphysics\src\bulletcollision\x64\debug\bttriangleindexvertexmaterialarray.obj
d:\muscledefense\exengine\bulletphysics\src\bulletcollision\x64\debug\bttriangleindexvertexarray.obj
d:\muscledefense\exengine\bulletphysics\src\bulletcollision\x64\debug\bttrianglecallback.obj
d:\muscledefense\exengine\bulletphysics\src\bulletcollision\x64\debug\bttrianglebuffer.obj
d:\muscledefense\exengine\bulletphysics\src\bulletcollision\x64\debug\bttetrahedronshape.obj
d:\muscledefense\exengine\bulletphysics\src\bulletcollision\x64\debug\btstridingmeshinterface.obj
d:\muscledefense\exengine\bulletphysics\src\bulletcollision\x64\debug\btstaticplaneshape.obj
d:\muscledefense\exengine\bulletphysics\src\bulletcollision\x64\debug\btsphereshape.obj
d:\muscledefense\exengine\bulletphysics\src\bulletcollision\x64\debug\btshapehull.obj
d:\muscledefense\exengine\bulletphysics\src\bulletcollision\x64\debug\btvoronoisimplexsolver.obj
d:\muscledefense\exengine\bulletphysics\src\bulletcollision\x64\debug\btsubsimplexconvexcast.obj
d:\muscledefense\exengine\bulletphysics\src\bulletcollision\x64\debug\btraycastcallback.obj
d:\muscledefense\exengine\bulletphysics\src\bulletcollision\x64\debug\btpolyhedralcontactclipping.obj
d:\muscledefense\exengine\bulletphysics\src\bulletcollision\x64\debug\btpersistentmanifold.obj
d:\muscledefense\exengine\bulletphysics\src\bulletcollision\x64\debug\btminkowskipenetrationdepthsolver.obj
d:\muscledefense\exengine\bulletphysics\src\bulletcollision\x64\debug\btgjkpairdetector.obj
d:\muscledefense\exengine\bulletphysics\src\bulletcollision\x64\debug\btgjkepapenetrationdepthsolver.obj
d:\muscledefense\exengine\bulletphysics\src\bulletcollision\x64\debug\btgjkepa2.obj
d:\muscledefense\exengine\bulletphysics\src\bulletcollision\x64\debug\btgjkconvexcast.obj
d:\muscledefense\exengine\bulletphysics\src\bulletcollision\x64\debug\btconvexcast.obj
d:\muscledefense\exengine\bulletphysics\src\bulletcollision\x64\debug\btcontinuousconvexcollision.obj
d:\muscledefense\exengine\bulletphysics\src\bulletcollision\x64\debug\gim_tri_collision.obj
d:\muscledefense\exengine\bulletphysics\src\bulletcollision\x64\debug\gim_memory.obj
d:\muscledefense\exengine\bulletphysics\src\bulletcollision\x64\debug\gim_contact.obj
d:\muscledefense\gametemplate\exlib\x64\bulletcollision_debug.lib
d:\muscledefense\gametemplate\\exlib\x64\bulletcollision_debug.pdb
d:\muscledefense\exengine\bulletphysics\src\bulletcollision\x64\debug\bulletcollision.tlog\cl.command.1.tlog
d:\muscledefense\exengine\bulletphysics\src\bulletcollision\x64\debug\bulletcollision.tlog\cl.read.1.tlog
d:\muscledefense\exengine\bulletphysics\src\bulletcollision\x64\debug\bulletcollision.tlog\cl.write.1.tlog
d:\muscledefense\exengine\bulletphysics\src\bulletcollision\x64\debug\bulletcollision.tlog\lib-link.read.1.tlog
d:\muscledefense\exengine\bulletphysics\src\bulletcollision\x64\debug\bulletcollision.tlog\lib-link.write.1.tlog
d:\muscledefense\exengine\bulletphysics\src\bulletcollision\x64\debug\bulletcollision.tlog\lib.command.1.tlog
