d:\muscledefense\gametemplate\exlib\x64\bulletdynamics_debug.pdb
d:\muscledefense\exengine\bulletphysics\src\bulletdynamics\x64\debug\btsimpledynamicsworld.obj
d:\muscledefense\exengine\bulletphysics\src\bulletdynamics\x64\debug\btrigidbody.obj
d:\muscledefense\exengine\bulletphysics\src\bulletdynamics\x64\debug\btdiscretedynamicsworld.obj
d:\muscledefense\exengine\bulletphysics\src\bulletdynamics\x64\debug\btuniversalconstraint.obj
d:\muscledefense\exengine\bulletphysics\src\bulletdynamics\x64\debug\bttypedconstraint.obj
d:\muscledefense\exengine\bulletphysics\src\bulletdynamics\x64\debug\btsolve2linearconstraint.obj
d:\muscledefense\exengine\bulletphysics\src\bulletdynamics\x64\debug\btsliderconstraint.obj
d:\muscledefense\exengine\bulletphysics\src\bulletdynamics\x64\debug\btsequentialimpulseconstraintsolver.obj
d:\muscledefense\exengine\bulletphysics\src\bulletdynamics\x64\debug\btpoint2pointconstraint.obj
d:\muscledefense\exengine\bulletphysics\src\bulletdynamics\x64\debug\btnncgconstraintsolver.obj
d:\muscledefense\exengine\bulletphysics\src\bulletdynamics\x64\debug\bthingeconstraint.obj
d:\muscledefense\exengine\bulletphysics\src\bulletdynamics\x64\debug\bthinge2constraint.obj
d:\muscledefense\exengine\bulletphysics\src\bulletdynamics\x64\debug\btgeneric6dofspringconstraint.obj
d:\muscledefense\exengine\bulletphysics\src\bulletdynamics\x64\debug\btgeneric6dofspring2constraint.obj
d:\muscledefense\exengine\bulletphysics\src\bulletdynamics\x64\debug\btgeneric6dofconstraint.obj
d:\muscledefense\exengine\bulletphysics\src\bulletdynamics\x64\debug\btgearconstraint.obj
d:\muscledefense\exengine\bulletphysics\src\bulletdynamics\x64\debug\btfixedconstraint.obj
d:\muscledefense\exengine\bulletphysics\src\bulletdynamics\x64\debug\btcontactconstraint.obj
d:\muscledefense\exengine\bulletphysics\src\bulletdynamics\x64\debug\btconetwistconstraint.obj
d:\muscledefense\exengine\bulletphysics\src\bulletdynamics\x64\debug\btkinematiccharactercontroller.obj
d:\muscledefense\exengine\bulletphysics\src\bulletdynamics\x64\debug\btwheelinfo.obj
d:\muscledefense\exengine\bulletphysics\src\bulletdynamics\x64\debug\btraycastvehicle.obj
d:\muscledefense\exengine\bulletphysics\src\bulletdynamics\x64\debug\btmlcpsolver.obj
d:\muscledefense\exengine\bulletphysics\src\bulletdynamics\x64\debug\btlemkealgorithm.obj
d:\muscledefense\exengine\bulletphysics\src\bulletdynamics\x64\debug\btdantziglcp.obj
d:\muscledefense\exengine\bulletphysics\src\bulletdynamics\x64\debug\btmultibodypoint2point.obj
d:\muscledefense\exengine\bulletphysics\src\bulletdynamics\x64\debug\btmultibodyjointmotor.obj
d:\muscledefense\exengine\bulletphysics\src\bulletdynamics\x64\debug\btmultibodyjointlimitconstraint.obj
d:\muscledefense\exengine\bulletphysics\src\bulletdynamics\x64\debug\btmultibodydynamicsworld.obj
d:\muscledefense\exengine\bulletphysics\src\bulletdynamics\x64\debug\btmultibodyconstraintsolver.obj
d:\muscledefense\exengine\bulletphysics\src\bulletdynamics\x64\debug\btmultibodyconstraint.obj
d:\muscledefense\exengine\bulletphysics\src\bulletdynamics\x64\debug\btmultibody.obj
d:\muscledefense\gametemplate\exlib\x64\bulletdynamics_debug.lib
d:\muscledefense\gametemplate\\exlib\x64\bulletdynamics_debug.pdb
d:\muscledefense\exengine\bulletphysics\src\bulletdynamics\x64\debug\bulletdynamics.tlog\cl.command.1.tlog
d:\muscledefense\exengine\bulletphysics\src\bulletdynamics\x64\debug\bulletdynamics.tlog\cl.read.1.tlog
d:\muscledefense\exengine\bulletphysics\src\bulletdynamics\x64\debug\bulletdynamics.tlog\cl.write.1.tlog
d:\muscledefense\exengine\bulletphysics\src\bulletdynamics\x64\debug\bulletdynamics.tlog\lib-link.read.1.tlog
d:\muscledefense\exengine\bulletphysics\src\bulletdynamics\x64\debug\bulletdynamics.tlog\lib-link.write.1.tlog
d:\muscledefense\exengine\bulletphysics\src\bulletdynamics\x64\debug\bulletdynamics.tlog\lib.command.1.tlog
