  BackGround.cpp
  Enemy.cpp
D:\MuscleDefense\GameTemplate\Game\Enemy.cpp(48,26): warning C4552: '<': 式の結果が使用されていません
D:\MuscleDefense\GameTemplate\Game\Enemy.cpp(156,27): warning C4305: '+=': 'double' から 'float' へ切り詰めます。
D:\MuscleDefense\GameTemplate\Game\Enemy.cpp(211,28): warning C4305: '+=': 'double' から 'float' へ切り詰めます。
D:\MuscleDefense\GameTemplate\Game\Enemy.cpp(288,55): warning C4244: '引数': 'float' から 'int' への変換です。データが失われる可能性があります。
  GameScene.cpp
D:\MuscleDefense\GameTemplate\Game\GameScene.cpp(52,25): warning C4244: '=': 'int' から 'float' への変換です。データが失われる可能性があります。
D:\MuscleDefense\GameTemplate\Game\GameScene.cpp(53,25): warning C4244: '=': 'int' から 'float' への変換です。データが失われる可能性があります。
D:\MuscleDefense\GameTemplate\Game\GameScene.cpp(58,25): warning C4244: '=': 'int' から 'float' への変換です。データが失われる可能性があります。
D:\MuscleDefense\GameTemplate\Game\GameScene.cpp(59,25): warning C4244: '=': 'int' から 'float' への変換です。データが失われる可能性があります。
D:\MuscleDefense\GameTemplate\Game\GameScene.cpp(64,25): warning C4244: '=': 'int' から 'float' への変換です。データが失われる可能性があります。
D:\MuscleDefense\GameTemplate\Game\GameScene.cpp(65,25): warning C4244: '=': 'int' から 'float' への変換です。データが失われる可能性があります。
D:\MuscleDefense\GameTemplate\Game\GameScene.cpp(407,24): warning C4244: '=': 'int' から 'float' への変換です。データが失われる可能性があります。
D:\MuscleDefense\GameTemplate\Game\GameScene.cpp(408,24): warning C4244: '=': 'int' から 'float' への変換です。データが失われる可能性があります。
D:\MuscleDefense\GameTemplate\Game\GameScene.cpp(426,23): warning C4244: '=': 'int' から 'float' への変換です。データが失われる可能性があります。
D:\MuscleDefense\GameTemplate\Game\GameScene.cpp(427,23): warning C4244: '=': 'int' から 'float' への変換です。データが失われる可能性があります。
  GoldGym.cpp
D:\MuscleDefense\GameTemplate\Game\GoldGym.cpp(56,47): warning C4244: '引数': 'int' から 'float' への変換です。データが失われる可能性があります。
  HUD.cpp
D:\MuscleDefense\GameTemplate\Game\HUD.cpp(158,56): warning C4244: '引数': 'float' から 'UINT' への変換です。データが失われる可能性があります。
D:\MuscleDefense\GameTemplate\Game\HUD.cpp(158,48): warning C4244: '引数': 'float' から 'UINT' への変換です。データが失われる可能性があります。
D:\MuscleDefense\GameTemplate\Game\HUD.cpp(403,60): warning C4244: '引数': 'float' から 'UINT' への変換です。データが失われる可能性があります。
D:\MuscleDefense\GameTemplate\Game\HUD.cpp(403,54): warning C4244: '引数': 'float' から 'UINT' への変換です。データが失われる可能性があります。
D:\MuscleDefense\GameTemplate\Game\HUD.cpp(406,65): warning C4244: '引数': 'float' から 'UINT' への変換です。データが失われる可能性があります。
D:\MuscleDefense\GameTemplate\Game\HUD.cpp(406,59): warning C4244: '引数': 'float' から 'UINT' への変換です。データが失われる可能性があります。
D:\MuscleDefense\GameTemplate\Game\HUD.cpp(411,61): warning C4244: '引数': 'float' から 'UINT' への変換です。データが失われる可能性があります。
D:\MuscleDefense\GameTemplate\Game\HUD.cpp(411,55): warning C4244: '引数': 'float' から 'UINT' への変換です。データが失われる可能性があります。
D:\MuscleDefense\GameTemplate\Game\HUD.cpp(412,82): warning C4244: '引数': 'float' から 'UINT' への変換です。データが失われる可能性があります。
D:\MuscleDefense\GameTemplate\Game\HUD.cpp(412,76): warning C4244: '引数': 'float' から 'UINT' への変換です。データが失われる可能性があります。
D:\MuscleDefense\GameTemplate\Game\HUD.cpp(414,60): warning C4244: '引数': 'float' から 'UINT' への変換です。データが失われる可能性があります。
D:\MuscleDefense\GameTemplate\Game\HUD.cpp(414,53): warning C4244: '引数': 'float' から 'UINT' への変換です。データが失われる可能性があります。
D:\MuscleDefense\GameTemplate\Game\HUD.cpp(419,67): warning C4244: '引数': 'float' から 'UINT' への変換です。データが失われる可能性があります。
D:\MuscleDefense\GameTemplate\Game\HUD.cpp(419,60): warning C4244: '引数': 'float' から 'UINT' への変換です。データが失われる可能性があります。
D:\MuscleDefense\GameTemplate\Game\HUD.cpp(428,71): warning C4244: '引数': 'float' から 'UINT' への変換です。データが失われる可能性があります。
D:\MuscleDefense\GameTemplate\Game\HUD.cpp(428,64): warning C4244: '引数': 'float' から 'UINT' への変換です。データが失われる可能性があります。
D:\MuscleDefense\GameTemplate\Game\HUD.cpp(438,65): warning C4244: '引数': 'float' から 'UINT' への変換です。データが失われる可能性があります。
D:\MuscleDefense\GameTemplate\Game\HUD.cpp(438,58): warning C4244: '引数': 'float' から 'UINT' への変換です。データが失われる可能性があります。
  Map.cpp
D:\MuscleDefense\GameTemplate\Game\Map.cpp(50,29): warning C4305: '引数': 'double' から 'const float' へ切り詰めます。
  Player.cpp
  PlayerAnimation.cpp
  ResultScene.cpp
  SkinModelRender.cpp
  TestEnemy.cpp
  TestScene.cpp
  TitleScene.cpp
D:\MuscleDefense\GameTemplate\Game\TitleScene.cpp(16,60): warning C4244: '引数': 'float' から 'UINT' への変換です。データが失われる可能性があります。
D:\MuscleDefense\GameTemplate\Game\TitleScene.cpp(16,51): warning C4244: '引数': 'float' から 'UINT' への変換です。データが失われる可能性があります。
D:\MuscleDefense\GameTemplate\Game\TitleScene.cpp(18,56): warning C4244: '引数': 'float' から 'UINT' への変換です。データが失われる可能性があります。
D:\MuscleDefense\GameTemplate\Game\TitleScene.cpp(18,47): warning C4244: '引数': 'float' から 'UINT' への変換です。データが失われる可能性があります。
D:\MuscleDefense\GameTemplate\Game\TitleScene.cpp(41,21): warning C4305: '=': 'double' から 'float' へ切り詰めます。
  WipeCamera.cpp
  main.cpp
  コード生成しています。
  1 of 9922 functions (<0.1%) were compiled, the rest were copied from previous compilation.
    0 functions were new in current compilation
    67 functions had inline decision re-evaluated but remain unchanged
  コード生成が終了しました。
  Game.vcxproj -> D:\MuscleDefense\GameTemplate\x64\Release\Game.exe
