d:\muscledefense\gametemplate\game\x64\release\vc142.pdb
d:\muscledefense\gametemplate\game\x64\release\gpubuffer.obj
d:\muscledefense\gametemplate\game\x64\release\fontengine.obj
d:\muscledefense\gametemplate\game\x64\release\font.obj
d:\muscledefense\gametemplate\game\x64\release\descriptorheap.obj
d:\muscledefense\gametemplate\game\x64\release\constantbuffer.obj
d:\muscledefense\gametemplate\game\x64\release\camera.obj
d:\muscledefense\gametemplate\game\x64\release\animationplaycontroller.obj
d:\muscledefense\gametemplate\game\x64\release\animationclip.obj
d:\muscledefense\gametemplate\game\x64\release\animation.obj
d:\muscledefense\gametemplate\game\x64\release\rigidbody.obj
d:\muscledefense\gametemplate\game\x64\release\physicsstaticobject.obj
d:\muscledefense\gametemplate\game\x64\release\physics.obj
d:\muscledefense\gametemplate\game\x64\release\meshcollider.obj
d:\muscledefense\gametemplate\game\x64\release\charactercontroller.obj
d:\muscledefense\gametemplate\game\x64\release\capsulecollider.obj
d:\muscledefense\gametemplate\game\x64\release\mapchip2d.obj
d:\muscledefense\gametemplate\game\x64\release\level2d.obj
d:\muscledefense\gametemplate\game\x64\release\caslfile.obj
d:\muscledefense\gametemplate\game\x64\release\igameobject.obj
d:\muscledefense\gametemplate\game\x64\release\gameobjectmanager.obj
d:\muscledefense\gametemplate\game\x64\release\rootsignature.obj
d:\muscledefense\gametemplate\game\x64\release\rendertarget.obj
d:\muscledefense\gametemplate\game\x64\release\tlasbuffer.obj
d:\muscledefense\gametemplate\game\x64\release\raytracingworld.obj
d:\muscledefense\gametemplate\game\x64\release\raytracingshadertable.obj
d:\muscledefense\gametemplate\game\x64\release\raytracingpso.obj
d:\muscledefense\gametemplate\game\x64\release\raytracinginstance.obj
d:\muscledefense\gametemplate\game\x64\release\raytracingengine.obj
d:\muscledefense\gametemplate\game\x64\release\raytracingdescriptorheaps.obj
d:\muscledefense\gametemplate\game\x64\release\blasbuffer.obj
d:\muscledefense\gametemplate\game\x64\release\pipelinestate.obj
d:\muscledefense\gametemplate\game\x64\release\nulltexturemaps.obj
d:\muscledefense\gametemplate\game\x64\release\model.obj
d:\muscledefense\gametemplate\game\x64\release\meshparts.obj
d:\muscledefense\gametemplate\game\x64\release\vector.obj
d:\muscledefense\gametemplate\game\x64\release\matrix.obj
d:\muscledefense\gametemplate\game\x64\release\material.obj
d:\muscledefense\gametemplate\game\x64\release\indexbuffer.obj
d:\muscledefense\gametemplate\game\x64\release\gamepad.obj
d:\muscledefense\gametemplate\game\x64\release\graphicsengine.obj
d:\muscledefense\gametemplate\game\x64\release\pointlight.obj
d:\muscledefense\gametemplate\game\x64\release\playeranimation.obj
d:\muscledefense\gametemplate\game\x64\release\player.obj
d:\muscledefense\gametemplate\game\x64\release\main.obj
d:\muscledefense\gametemplate\game\x64\release\lightmanager.obj
d:\muscledefense\gametemplate\game\x64\release\gaussianblur.obj
d:\muscledefense\gametemplate\game\x64\release\gamescene.obj
d:\muscledefense\gametemplate\game\x64\release\directionlight.obj
d:\muscledefense\gametemplate\game\x64\release\background.obj
d:\muscledefense\gametemplate\game\x64\release\vertexbuffer.obj
d:\muscledefense\gametemplate\game\x64\release\tksfile.obj
d:\muscledefense\gametemplate\game\x64\release\tkmfile.obj
d:\muscledefense\gametemplate\game\x64\release\tkafile.obj
d:\muscledefense\gametemplate\game\x64\release\tkengine.obj
d:\muscledefense\gametemplate\game\x64\release\texture.obj
d:\muscledefense\gametemplate\game\x64\release\structuredbuffer.obj
d:\muscledefense\gametemplate\game\x64\release\sprite.obj
d:\muscledefense\gametemplate\game\x64\release\skeleton.obj
d:\muscledefense\gametemplate\game\x64\release\shader.obj
d:\muscledefense\gametemplate\game\x64\release\rwstructuredbuffer.obj
d:\muscledefense\gametemplate\game\x64\release\wipecamera.obj
d:\muscledefense\gametemplate\game\x64\release\system.obj
d:\muscledefense\gametemplate\game\x64\release\spotlight.obj
d:\muscledefense\gametemplate\game\x64\release\sky.obj
d:\muscledefense\gametemplate\game\x64\release\skinmodelrender.obj
d:\muscledefense\gametemplate\game\x64\release\posteffectmanager.obj
d:\muscledefense\gametemplate\game\x64\release\enemy.obj
d:\muscledefense\gametemplate\game\x64\release\enemyanimation.obj
d:\muscledefense\gametemplate\game\x64\release\bsp.obj
d:\muscledefense\gametemplate\game\x64\release\aabb.obj
d:\muscledefense\gametemplate\game\x64\release\springcamera.obj
d:\muscledefense\gametemplate\game\x64\release\cameracollisionsolver.obj
d:\muscledefense\gametemplate\game\x64\release\spherecollider.obj
d:\muscledefense\gametemplate\game\x64\release\resourcebankmanager.obj
d:\muscledefense\gametemplate\game\x64\release\fontrender.obj
d:\muscledefense\gametemplate\game\x64\release\proteinbeam.obj
d:\muscledefense\gametemplate\game\x64\release\game.pch
d:\muscledefense\gametemplate\game\x64\release\stdafx.obj
d:\muscledefense\gametemplate\x64\release\game.exe
d:\muscledefense\gametemplate\game\x64\release\game.ipdb
d:\muscledefense\gametemplate\game\x64\release\game.iobj
d:\muscledefense\gametemplate\x64\release\game.pdb
d:\muscledefense\gametemplate\game\x64\release\game.res
d:\muscledefense\gametemplate\game\x64\release\game.tlog\cl.command.1.tlog
d:\muscledefense\gametemplate\game\x64\release\game.tlog\cl.read.1.tlog
d:\muscledefense\gametemplate\game\x64\release\game.tlog\cl.write.1.tlog
d:\muscledefense\gametemplate\game\x64\release\game.tlog\link.command.1.tlog
d:\muscledefense\gametemplate\game\x64\release\game.tlog\link.read.1.tlog
d:\muscledefense\gametemplate\game\x64\release\game.tlog\link.write.1.tlog
d:\muscledefense\gametemplate\game\x64\release\game.tlog\rc.command.1.tlog
d:\muscledefense\gametemplate\game\x64\release\game.tlog\rc.read.1.tlog
d:\muscledefense\gametemplate\game\x64\release\game.tlog\rc.write.1.tlog
