d:\muscledefense\exengine\bulletphysics\src\bulletcollision\x64\release\btcompoundcompoundcollisionalgorithm.obj
d:\muscledefense\exengine\bulletphysics\src\bulletcollision\x64\release\btcompoundcollisionalgorithm.obj
d:\muscledefense\exengine\bulletphysics\src\bulletcollision\x64\release\btcollisionworldimporter.obj
d:\muscledefense\exengine\bulletphysics\src\bulletcollision\x64\release\btcollisionworld.obj
d:\muscledefense\exengine\bulletphysics\src\bulletcollision\x64\release\btcollisionobject.obj
d:\muscledefense\exengine\bulletphysics\src\bulletcollision\x64\release\btcollisiondispatcher.obj
d:\muscledefense\exengine\bulletphysics\src\bulletcollision\x64\release\btboxboxdetector.obj
d:\muscledefense\exengine\bulletphysics\src\bulletcollision\x64\release\btboxboxcollisionalgorithm.obj
d:\muscledefense\exengine\bulletphysics\src\bulletcollision\x64\release\btbox2dbox2dcollisionalgorithm.obj
d:\muscledefense\exengine\bulletphysics\src\bulletcollision\x64\release\btactivatingcollisionalgorithm.obj
d:\muscledefense\exengine\bulletphysics\src\bulletcollision\x64\release\btsimplebroadphase.obj
d:\muscledefense\exengine\bulletphysics\src\bulletcollision\x64\release\btquantizedbvh.obj
d:\muscledefense\exengine\bulletphysics\src\bulletcollision\x64\release\btoverlappingpaircache.obj
d:\muscledefense\exengine\bulletphysics\src\bulletcollision\x64\release\btmultisapbroadphase.obj
d:\muscledefense\exengine\bulletphysics\src\bulletcollision\x64\release\btdispatcher.obj
d:\muscledefense\exengine\bulletphysics\src\bulletcollision\x64\release\btdbvtbroadphase.obj
d:\muscledefense\exengine\bulletphysics\src\bulletcollision\x64\release\btdbvt.obj
d:\muscledefense\exengine\bulletphysics\src\bulletcollision\x64\release\btcollisionalgorithm.obj
d:\muscledefense\exengine\bulletphysics\src\bulletcollision\x64\release\btbroadphaseproxy.obj
d:\muscledefense\exengine\bulletphysics\src\bulletcollision\x64\release\btaxissweep3.obj
d:\muscledefense\exengine\bulletphysics\src\bulletcollision\x64\release\btcapsuleshape.obj
d:\muscledefense\exengine\bulletphysics\src\bulletcollision\x64\release\btbvhtrianglemeshshape.obj
d:\muscledefense\exengine\bulletphysics\src\bulletcollision\x64\release\btboxshape.obj
d:\muscledefense\exengine\bulletphysics\src\bulletcollision\x64\release\btbox2dshape.obj
d:\muscledefense\exengine\bulletphysics\src\bulletcollision\x64\release\spheretriangledetector.obj
d:\muscledefense\exengine\bulletphysics\src\bulletcollision\x64\release\btunionfind.obj
d:\muscledefense\exengine\bulletphysics\src\bulletcollision\x64\release\btspheretrianglecollisionalgorithm.obj
d:\muscledefense\exengine\bulletphysics\src\bulletcollision\x64\release\btspherespherecollisionalgorithm.obj
d:\muscledefense\exengine\bulletphysics\src\bulletcollision\x64\release\btsphereboxcollisionalgorithm.obj
d:\muscledefense\exengine\bulletphysics\src\bulletcollision\x64\release\btsimulationislandmanager.obj
d:\muscledefense\exengine\bulletphysics\src\bulletcollision\x64\release\btmanifoldresult.obj
d:\muscledefense\exengine\bulletphysics\src\bulletcollision\x64\release\btinternaledgeutility.obj
d:\muscledefense\exengine\bulletphysics\src\bulletcollision\x64\release\bthashedsimplepaircache.obj
d:\muscledefense\exengine\bulletphysics\src\bulletcollision\x64\release\btghostobject.obj
d:\muscledefense\exengine\bulletphysics\src\bulletcollision\x64\release\btemptycollisionalgorithm.obj
d:\muscledefense\exengine\bulletphysics\src\bulletcollision\x64\release\btdefaultcollisionconfiguration.obj
d:\muscledefense\exengine\bulletphysics\src\bulletcollision\x64\release\btconvexplanecollisionalgorithm.obj
d:\muscledefense\exengine\bulletphysics\src\bulletcollision\x64\release\btconvexconvexalgorithm.obj
d:\muscledefense\exengine\bulletphysics\src\bulletcollision\x64\release\btconvexconcavecollisionalgorithm.obj
d:\muscledefense\exengine\bulletphysics\src\bulletcollision\x64\release\btconvex2dconvex2dalgorithm.obj
d:\muscledefense\exengine\bulletphysics\src\bulletcollision\x64\release\btscaledbvhtrianglemeshshape.obj
d:\muscledefense\exengine\bulletphysics\src\bulletcollision\x64\release\btpolyhedralconvexshape.obj
d:\muscledefense\exengine\bulletphysics\src\bulletcollision\x64\release\btoptimizedbvh.obj
d:\muscledefense\exengine\bulletphysics\src\bulletcollision\x64\release\btmultisphereshape.obj
d:\muscledefense\exengine\bulletphysics\src\bulletcollision\x64\release\btmultimaterialtrianglemeshshape.obj
d:\muscledefense\exengine\bulletphysics\src\bulletcollision\x64\release\btminkowskisumshape.obj
d:\muscledefense\exengine\bulletphysics\src\bulletcollision\x64\release\btheightfieldterrainshape.obj
d:\muscledefense\exengine\bulletphysics\src\bulletcollision\x64\release\btemptyshape.obj
d:\muscledefense\exengine\bulletphysics\src\bulletcollision\x64\release\btcylindershape.obj
d:\muscledefense\exengine\bulletphysics\src\bulletcollision\x64\release\btconvextrianglemeshshape.obj
d:\muscledefense\exengine\bulletphysics\src\bulletcollision\x64\release\btconvexshape.obj
d:\muscledefense\exengine\bulletphysics\src\bulletcollision\x64\release\btconvexpolyhedron.obj
d:\muscledefense\exengine\bulletphysics\src\bulletcollision\x64\release\btconvexpointcloudshape.obj
d:\muscledefense\exengine\bulletphysics\src\bulletcollision\x64\release\btconvexinternalshape.obj
d:\muscledefense\exengine\bulletphysics\src\bulletcollision\x64\release\btconvexhullshape.obj
d:\muscledefense\exengine\bulletphysics\src\bulletcollision\x64\release\btconvex2dshape.obj
d:\muscledefense\exengine\bulletphysics\src\bulletcollision\x64\release\btconeshape.obj
d:\muscledefense\exengine\bulletphysics\src\bulletcollision\x64\release\btconcaveshape.obj
d:\muscledefense\exengine\bulletphysics\src\bulletcollision\x64\release\btcompoundshape.obj
d:\muscledefense\exengine\bulletphysics\src\bulletcollision\x64\release\btcollisionshape.obj
d:\muscledefense\exengine\bulletphysics\src\bulletcollision\x64\release\gim_box_set.obj
d:\muscledefense\exengine\bulletphysics\src\bulletcollision\x64\release\bttriangleshapeex.obj
d:\muscledefense\exengine\bulletphysics\src\bulletcollision\x64\release\btgimpactshape.obj
d:\muscledefense\exengine\bulletphysics\src\bulletcollision\x64\release\btgimpactquantizedbvh.obj
d:\muscledefense\exengine\bulletphysics\src\bulletcollision\x64\release\btgimpactcollisionalgorithm.obj
d:\muscledefense\exengine\bulletphysics\src\bulletcollision\x64\release\btgimpactbvh.obj
d:\muscledefense\exengine\bulletphysics\src\bulletcollision\x64\release\btgenericpoolallocator.obj
d:\muscledefense\exengine\bulletphysics\src\bulletcollision\x64\release\btcontactprocessing.obj
d:\muscledefense\exengine\bulletphysics\src\bulletcollision\x64\release\btuniformscalingshape.obj
d:\muscledefense\exengine\bulletphysics\src\bulletcollision\x64\release\bttrianglemeshshape.obj
d:\muscledefense\exengine\bulletphysics\src\bulletcollision\x64\release\bttrianglemesh.obj
d:\muscledefense\exengine\bulletphysics\src\bulletcollision\x64\release\bttriangleindexvertexmaterialarray.obj
d:\muscledefense\exengine\bulletphysics\src\bulletcollision\x64\release\bttriangleindexvertexarray.obj
d:\muscledefense\exengine\bulletphysics\src\bulletcollision\x64\release\bttrianglecallback.obj
d:\muscledefense\exengine\bulletphysics\src\bulletcollision\x64\release\bttrianglebuffer.obj
d:\muscledefense\exengine\bulletphysics\src\bulletcollision\x64\release\bttetrahedronshape.obj
d:\muscledefense\exengine\bulletphysics\src\bulletcollision\x64\release\btstridingmeshinterface.obj
d:\muscledefense\exengine\bulletphysics\src\bulletcollision\x64\release\btstaticplaneshape.obj
d:\muscledefense\exengine\bulletphysics\src\bulletcollision\x64\release\btsphereshape.obj
d:\muscledefense\exengine\bulletphysics\src\bulletcollision\x64\release\btshapehull.obj
d:\muscledefense\exengine\bulletphysics\src\bulletcollision\x64\release\btvoronoisimplexsolver.obj
d:\muscledefense\exengine\bulletphysics\src\bulletcollision\x64\release\btsubsimplexconvexcast.obj
d:\muscledefense\exengine\bulletphysics\src\bulletcollision\x64\release\btraycastcallback.obj
d:\muscledefense\exengine\bulletphysics\src\bulletcollision\x64\release\btpolyhedralcontactclipping.obj
d:\muscledefense\exengine\bulletphysics\src\bulletcollision\x64\release\btpersistentmanifold.obj
d:\muscledefense\exengine\bulletphysics\src\bulletcollision\x64\release\btminkowskipenetrationdepthsolver.obj
d:\muscledefense\exengine\bulletphysics\src\bulletcollision\x64\release\btgjkpairdetector.obj
d:\muscledefense\exengine\bulletphysics\src\bulletcollision\x64\release\btgjkepapenetrationdepthsolver.obj
d:\muscledefense\exengine\bulletphysics\src\bulletcollision\x64\release\btgjkepa2.obj
d:\muscledefense\exengine\bulletphysics\src\bulletcollision\x64\release\btgjkconvexcast.obj
d:\muscledefense\exengine\bulletphysics\src\bulletcollision\x64\release\btconvexcast.obj
d:\muscledefense\exengine\bulletphysics\src\bulletcollision\x64\release\btcontinuousconvexcollision.obj
d:\muscledefense\exengine\bulletphysics\src\bulletcollision\x64\release\gim_tri_collision.obj
d:\muscledefense\exengine\bulletphysics\src\bulletcollision\x64\release\gim_memory.obj
d:\muscledefense\exengine\bulletphysics\src\bulletcollision\x64\release\gim_contact.obj
d:\muscledefense\gametemplate\exlib\x64\bulletcollision.lib
d:\muscledefense\exengine\bulletphysics\src\bulletcollision\x64\release\bulletcollision.tlog\cl.command.1.tlog
d:\muscledefense\exengine\bulletphysics\src\bulletcollision\x64\release\bulletcollision.tlog\cl.read.1.tlog
d:\muscledefense\exengine\bulletphysics\src\bulletcollision\x64\release\bulletcollision.tlog\cl.write.1.tlog
d:\muscledefense\exengine\bulletphysics\src\bulletcollision\x64\release\bulletcollision.tlog\lib-link.read.1.tlog
d:\muscledefense\exengine\bulletphysics\src\bulletcollision\x64\release\bulletcollision.tlog\lib-link.write.1.tlog
d:\muscledefense\exengine\bulletphysics\src\bulletcollision\x64\release\bulletcollision.tlog\lib.command.1.tlog
