d:\muscledefense\exengine\bulletphysics\src\bulletdynamics\x64\release\btsimpledynamicsworld.obj
d:\muscledefense\exengine\bulletphysics\src\bulletdynamics\x64\release\btrigidbody.obj
d:\muscledefense\exengine\bulletphysics\src\bulletdynamics\x64\release\btdiscretedynamicsworld.obj
d:\muscledefense\exengine\bulletphysics\src\bulletdynamics\x64\release\btuniversalconstraint.obj
d:\muscledefense\exengine\bulletphysics\src\bulletdynamics\x64\release\bttypedconstraint.obj
d:\muscledefense\exengine\bulletphysics\src\bulletdynamics\x64\release\btsolve2linearconstraint.obj
d:\muscledefense\exengine\bulletphysics\src\bulletdynamics\x64\release\btsliderconstraint.obj
d:\muscledefense\exengine\bulletphysics\src\bulletdynamics\x64\release\btsequentialimpulseconstraintsolver.obj
d:\muscledefense\exengine\bulletphysics\src\bulletdynamics\x64\release\btpoint2pointconstraint.obj
d:\muscledefense\exengine\bulletphysics\src\bulletdynamics\x64\release\btnncgconstraintsolver.obj
d:\muscledefense\exengine\bulletphysics\src\bulletdynamics\x64\release\bthingeconstraint.obj
d:\muscledefense\exengine\bulletphysics\src\bulletdynamics\x64\release\bthinge2constraint.obj
d:\muscledefense\exengine\bulletphysics\src\bulletdynamics\x64\release\btgeneric6dofspringconstraint.obj
d:\muscledefense\exengine\bulletphysics\src\bulletdynamics\x64\release\btgeneric6dofspring2constraint.obj
d:\muscledefense\exengine\bulletphysics\src\bulletdynamics\x64\release\btgeneric6dofconstraint.obj
d:\muscledefense\exengine\bulletphysics\src\bulletdynamics\x64\release\btgearconstraint.obj
d:\muscledefense\exengine\bulletphysics\src\bulletdynamics\x64\release\btfixedconstraint.obj
d:\muscledefense\exengine\bulletphysics\src\bulletdynamics\x64\release\btcontactconstraint.obj
d:\muscledefense\exengine\bulletphysics\src\bulletdynamics\x64\release\btconetwistconstraint.obj
d:\muscledefense\exengine\bulletphysics\src\bulletdynamics\x64\release\btkinematiccharactercontroller.obj
d:\muscledefense\exengine\bulletphysics\src\bulletdynamics\x64\release\btwheelinfo.obj
d:\muscledefense\exengine\bulletphysics\src\bulletdynamics\x64\release\btraycastvehicle.obj
d:\muscledefense\exengine\bulletphysics\src\bulletdynamics\x64\release\btmlcpsolver.obj
d:\muscledefense\exengine\bulletphysics\src\bulletdynamics\x64\release\btlemkealgorithm.obj
d:\muscledefense\exengine\bulletphysics\src\bulletdynamics\x64\release\btdantziglcp.obj
d:\muscledefense\exengine\bulletphysics\src\bulletdynamics\x64\release\btmultibodypoint2point.obj
d:\muscledefense\exengine\bulletphysics\src\bulletdynamics\x64\release\btmultibodyjointmotor.obj
d:\muscledefense\exengine\bulletphysics\src\bulletdynamics\x64\release\btmultibodyjointlimitconstraint.obj
d:\muscledefense\exengine\bulletphysics\src\bulletdynamics\x64\release\btmultibodydynamicsworld.obj
d:\muscledefense\exengine\bulletphysics\src\bulletdynamics\x64\release\btmultibodyconstraintsolver.obj
d:\muscledefense\exengine\bulletphysics\src\bulletdynamics\x64\release\btmultibodyconstraint.obj
d:\muscledefense\exengine\bulletphysics\src\bulletdynamics\x64\release\btmultibody.obj
d:\muscledefense\gametemplate\exlib\x64\bulletdynamics.lib
d:\muscledefense\exengine\bulletphysics\src\bulletdynamics\x64\release\bulletdynamics.tlog\cl.command.1.tlog
d:\muscledefense\exengine\bulletphysics\src\bulletdynamics\x64\release\bulletdynamics.tlog\cl.read.1.tlog
d:\muscledefense\exengine\bulletphysics\src\bulletdynamics\x64\release\bulletdynamics.tlog\cl.write.1.tlog
d:\muscledefense\exengine\bulletphysics\src\bulletdynamics\x64\release\bulletdynamics.tlog\lib-link.read.1.tlog
d:\muscledefense\exengine\bulletphysics\src\bulletdynamics\x64\release\bulletdynamics.tlog\lib-link.write.1.tlog
d:\muscledefense\exengine\bulletphysics\src\bulletdynamics\x64\release\bulletdynamics.tlog\lib.command.1.tlog
